
*** Running vivado
    with args -log Full_PB_wrapper.vds -m64 -product Vivado -mode batch -messageDb vivado.pb -notrace -source Full_PB_wrapper.tcl



****** Vivado v2022.2 (64-bit)
  **** SW Build 3671981 on Fri Oct 14 05:00:03 MDT 2022
  **** IP Build 3669848 on Fri Oct 14 08:30:02 MDT 2022
    ** Copyright 1986-2022 Xilinx, Inc. All Rights Reserved.

source Full_PB_wrapper.tcl -notrace
create_project: Time (s): cpu = 00:00:05 ; elapsed = 00:00:05 . Memory (MB): peak = 1003.305 ; gain = 119.996
INFO: [IP_Flow 19-234] Refreshing IP repositories
INFO: [IP_Flow 19-1700] Loaded user IP repository 'c:/Users/HP/Desktop/up/Alu_controller'.
INFO: [IP_Flow 19-1700] Loaded user IP repository 'c:/Users/HP/Desktop/up/ram'.
INFO: [IP_Flow 19-1700] Loaded user IP repository 'c:/Users/HP/Desktop/up/Control_Unit'.
INFO: [IP_Flow 19-1700] Loaded user IP repository 'c:/Users/HP/Desktop/up/FGI_Controller'.
INFO: [IP_Flow 19-1700] Loaded user IP repository 'c:/Users/HP/Desktop/up/E_Controller'.
INFO: [IP_Flow 19-1700] Loaded user IP repository 'c:/Users/HP/Desktop/up/FGO_Controller'.
INFO: [IP_Flow 19-1700] Loaded user IP repository 'c:/Users/HP/Desktop/up/F_Controller'.
INFO: [IP_Flow 19-1700] Loaded user IP repository 'c:/Users/HP/Desktop/up/MAR_Controller'.
INFO: [IP_Flow 19-1700] Loaded user IP repository 'c:/Users/HP/Desktop/up/MDR_Controller'.
INFO: [IP_Flow 19-1700] Loaded user IP repository 'c:/Users/HP/Desktop/up/OUTR_Controller'.
INFO: [IP_Flow 19-1700] Loaded user IP repository 'c:/Users/HP/Desktop/up/PC_controller'.
INFO: [IP_Flow 19-1700] Loaded user IP repository 'c:/Users/HP/Desktop/up/RI_Controller'.
INFO: [IP_Flow 19-1700] Loaded user IP repository 'c:/Users/HP/Desktop/up/R_Controller'.
INFO: [IP_Flow 19-1700] Loaded user IP repository 'c:/Users/HP/Desktop/up/S_Controller'.
INFO: [IP_Flow 19-1700] Loaded user IP repository 'c:/Users/HP/Desktop/up/WR_Controller'.
INFO: [IP_Flow 19-2313] Loaded Vivado IP repository 'C:/Xilinx/Vivado/2022.2/data/ip'.
Command: read_checkpoint -auto_incremental -incremental C:/Users/HP/Desktop/up/Full_PBase/Full_PBase.srcs/utils_1/imports/synth_1/Full_PB_wrapper.dcp
INFO: [Vivado 12-5825] Read reference checkpoint from C:/Users/HP/Desktop/up/Full_PBase/Full_PBase.srcs/utils_1/imports/synth_1/Full_PB_wrapper.dcp for incremental synthesis
INFO: [Vivado 12-7989] Please ensure there are no constraint changes
Command: synth_design -top Full_PB_wrapper -part xc7z020clg400-1
Starting synth_design
Attempting to get a license for feature 'Synthesis' and/or device 'xc7z020'
INFO: [Common 17-349] Got license for feature 'Synthesis' and/or device 'xc7z020'
INFO: [Device 21-403] Loading part xc7z020clg400-1
INFO: [Designutils 20-5440] No compile time benefit to using incremental synthesis; A full resynthesis will be run
INFO: [Designutils 20-4379] Flow is switching to default flow due to incremental criteria not met. If you would like to alter this behaviour and have the flow terminate instead, please set the following parameter config_implementation {autoIncr.Synth.RejectBehavior Terminate}
INFO: [Synth 8-7079] Multithreading enabled for synth_design using a maximum of 2 processes.
INFO: [Synth 8-7078] Launching helper process for spawning children vivado processes
INFO: [Synth 8-7075] Helper process launched with PID 16476
INFO: [Synth 8-11241] undeclared symbol 'REGCCE', assumed default net type 'wire' [C:/Xilinx/Vivado/2022.2/data/verilog/src/unimacro/BRAM_SINGLE_MACRO.v:2170]
---------------------------------------------------------------------------------
Starting RTL Elaboration : Time (s): cpu = 00:00:05 ; elapsed = 00:00:05 . Memory (MB): peak = 1856.125 ; gain = 408.281
---------------------------------------------------------------------------------
INFO: [Synth 8-6157] synthesizing module 'Full_PB_wrapper' [c:/Users/HP/Desktop/up/Full_PBase/Full_PBase.gen/sources_1/bd/Full_PB/hdl/Full_PB_wrapper.v:12]
INFO: [Synth 8-6157] synthesizing module 'Full_PB' [c:/Users/HP/Desktop/up/Full_PBase/Full_PBase.gen/sources_1/bd/Full_PB/synth/Full_PB.v:12]
INFO: [Synth 8-6157] synthesizing module 'Full_PB_ALU_Controller_0_0' [C:/Users/HP/Desktop/up/Full_PBase/Full_PBase.runs/synth_1/.Xil/Vivado-3512-DESKTOP-LCSLA16/realtime/Full_PB_ALU_Controller_0_0_stub.v:5]
INFO: [Synth 8-6155] done synthesizing module 'Full_PB_ALU_Controller_0_0' (0#1) [C:/Users/HP/Desktop/up/Full_PBase/Full_PBase.runs/synth_1/.Xil/Vivado-3512-DESKTOP-LCSLA16/realtime/Full_PB_ALU_Controller_0_0_stub.v:5]
INFO: [Synth 8-6157] synthesizing module 'Full_PB_Control_Unit_0_0' [C:/Users/HP/Desktop/up/Full_PBase/Full_PBase.runs/synth_1/.Xil/Vivado-3512-DESKTOP-LCSLA16/realtime/Full_PB_Control_Unit_0_0_stub.v:5]
INFO: [Synth 8-6155] done synthesizing module 'Full_PB_Control_Unit_0_0' (0#1) [C:/Users/HP/Desktop/up/Full_PBase/Full_PBase.runs/synth_1/.Xil/Vivado-3512-DESKTOP-LCSLA16/realtime/Full_PB_Control_Unit_0_0_stub.v:5]
WARNING: [Synth 8-7071] port 'F8' of module 'Full_PB_Control_Unit_0_0' is unconnected for instance 'Control_Unit_0' [c:/Users/HP/Desktop/up/Full_PBase/Full_PBase.gen/sources_1/bd/Full_PB/synth/Full_PB.v:130]
WARNING: [Synth 8-7023] instance 'Control_Unit_0' of module 'Full_PB_Control_Unit_0_0' has 54 connections declared, but only 53 given [c:/Users/HP/Desktop/up/Full_PBase/Full_PBase.gen/sources_1/bd/Full_PB/synth/Full_PB.v:130]
INFO: [Synth 8-6157] synthesizing module 'Full_PB_E_controller_0_0' [C:/Users/HP/Desktop/up/Full_PBase/Full_PBase.runs/synth_1/.Xil/Vivado-3512-DESKTOP-LCSLA16/realtime/Full_PB_E_controller_0_0_stub.v:5]
INFO: [Synth 8-6155] done synthesizing module 'Full_PB_E_controller_0_0' (0#1) [C:/Users/HP/Desktop/up/Full_PBase/Full_PBase.runs/synth_1/.Xil/Vivado-3512-DESKTOP-LCSLA16/realtime/Full_PB_E_controller_0_0_stub.v:5]
INFO: [Synth 8-6157] synthesizing module 'Full_PB_FGI_Controller_0_0' [C:/Users/HP/Desktop/up/Full_PBase/Full_PBase.runs/synth_1/.Xil/Vivado-3512-DESKTOP-LCSLA16/realtime/Full_PB_FGI_Controller_0_0_stub.v:5]
INFO: [Synth 8-6155] done synthesizing module 'Full_PB_FGI_Controller_0_0' (0#1) [C:/Users/HP/Desktop/up/Full_PBase/Full_PBase.runs/synth_1/.Xil/Vivado-3512-DESKTOP-LCSLA16/realtime/Full_PB_FGI_Controller_0_0_stub.v:5]
INFO: [Synth 8-6157] synthesizing module 'Full_PB_FGO_Controller_0_0' [C:/Users/HP/Desktop/up/Full_PBase/Full_PBase.runs/synth_1/.Xil/Vivado-3512-DESKTOP-LCSLA16/realtime/Full_PB_FGO_Controller_0_0_stub.v:5]
INFO: [Synth 8-6155] done synthesizing module 'Full_PB_FGO_Controller_0_0' (0#1) [C:/Users/HP/Desktop/up/Full_PBase/Full_PBase.runs/synth_1/.Xil/Vivado-3512-DESKTOP-LCSLA16/realtime/Full_PB_FGO_Controller_0_0_stub.v:5]
INFO: [Synth 8-6157] synthesizing module 'Full_PB_F_controller_0_0' [C:/Users/HP/Desktop/up/Full_PBase/Full_PBase.runs/synth_1/.Xil/Vivado-3512-DESKTOP-LCSLA16/realtime/Full_PB_F_controller_0_0_stub.v:5]
INFO: [Synth 8-6155] done synthesizing module 'Full_PB_F_controller_0_0' (0#1) [C:/Users/HP/Desktop/up/Full_PBase/Full_PBase.runs/synth_1/.Xil/Vivado-3512-DESKTOP-LCSLA16/realtime/Full_PB_F_controller_0_0_stub.v:5]
INFO: [Synth 8-6157] synthesizing module 'Full_PB_MDR_Controller_0_0' [C:/Users/HP/Desktop/up/Full_PBase/Full_PBase.runs/synth_1/.Xil/Vivado-3512-DESKTOP-LCSLA16/realtime/Full_PB_MDR_Controller_0_0_stub.v:5]
INFO: [Synth 8-6155] done synthesizing module 'Full_PB_MDR_Controller_0_0' (0#1) [C:/Users/HP/Desktop/up/Full_PBase/Full_PBase.runs/synth_1/.Xil/Vivado-3512-DESKTOP-LCSLA16/realtime/Full_PB_MDR_Controller_0_0_stub.v:5]
INFO: [Synth 8-6157] synthesizing module 'Full_PB_RAM_4Kx16_0_1' [C:/Users/HP/Desktop/up/Full_PBase/Full_PBase.runs/synth_1/.Xil/Vivado-3512-DESKTOP-LCSLA16/realtime/Full_PB_RAM_4Kx16_0_1_stub.v:5]
INFO: [Synth 8-6155] done synthesizing module 'Full_PB_RAM_4Kx16_0_1' (0#1) [C:/Users/HP/Desktop/up/Full_PBase/Full_PBase.runs/synth_1/.Xil/Vivado-3512-DESKTOP-LCSLA16/realtime/Full_PB_RAM_4Kx16_0_1_stub.v:5]
INFO: [Synth 8-6157] synthesizing module 'Full_PB_R_Controller_0_1' [C:/Users/HP/Desktop/up/Full_PBase/Full_PBase.runs/synth_1/.Xil/Vivado-3512-DESKTOP-LCSLA16/realtime/Full_PB_R_Controller_0_1_stub.v:5]
INFO: [Synth 8-6155] done synthesizing module 'Full_PB_R_Controller_0_1' (0#1) [C:/Users/HP/Desktop/up/Full_PBase/Full_PBase.runs/synth_1/.Xil/Vivado-3512-DESKTOP-LCSLA16/realtime/Full_PB_R_Controller_0_1_stub.v:5]
INFO: [Synth 8-6157] synthesizing module 'Full_PB_S_Controller_0_0' [C:/Users/HP/Desktop/up/Full_PBase/Full_PBase.runs/synth_1/.Xil/Vivado-3512-DESKTOP-LCSLA16/realtime/Full_PB_S_Controller_0_0_stub.v:5]
INFO: [Synth 8-6155] done synthesizing module 'Full_PB_S_Controller_0_0' (0#1) [C:/Users/HP/Desktop/up/Full_PBase/Full_PBase.runs/synth_1/.Xil/Vivado-3512-DESKTOP-LCSLA16/realtime/Full_PB_S_Controller_0_0_stub.v:5]
INFO: [Synth 8-6157] synthesizing module 'Full_PB_WR_Controller_0_0' [C:/Users/HP/Desktop/up/Full_PBase/Full_PBase.runs/synth_1/.Xil/Vivado-3512-DESKTOP-LCSLA16/realtime/Full_PB_WR_Controller_0_0_stub.v:5]
INFO: [Synth 8-6155] done synthesizing module 'Full_PB_WR_Controller_0_0' (0#1) [C:/Users/HP/Desktop/up/Full_PBase/Full_PBase.runs/synth_1/.Xil/Vivado-3512-DESKTOP-LCSLA16/realtime/Full_PB_WR_Controller_0_0_stub.v:5]
INFO: [Synth 8-6157] synthesizing module 'Full_PB_clk_wiz_0' [C:/Users/HP/Desktop/up/Full_PBase/Full_PBase.runs/synth_1/.Xil/Vivado-3512-DESKTOP-LCSLA16/realtime/Full_PB_clk_wiz_0_stub.v:5]
INFO: [Synth 8-6155] done synthesizing module 'Full_PB_clk_wiz_0' (0#1) [C:/Users/HP/Desktop/up/Full_PBase/Full_PBase.runs/synth_1/.Xil/Vivado-3512-DESKTOP-LCSLA16/realtime/Full_PB_clk_wiz_0_stub.v:5]
WARNING: [Synth 8-7071] port 'locked' of module 'Full_PB_clk_wiz_0' is unconnected for instance 'clk_wiz' [c:/Users/HP/Desktop/up/Full_PBase/Full_PBase.gen/sources_1/bd/Full_PB/synth/Full_PB.v:250]
WARNING: [Synth 8-7023] instance 'clk_wiz' of module 'Full_PB_clk_wiz_0' has 4 connections declared, but only 3 given [c:/Users/HP/Desktop/up/Full_PBase/Full_PBase.gen/sources_1/bd/Full_PB/synth/Full_PB.v:250]
INFO: [Synth 8-6157] synthesizing module 'Full_PB_clk_wiz_1_0' [C:/Users/HP/Desktop/up/Full_PBase/Full_PBase.runs/synth_1/.Xil/Vivado-3512-DESKTOP-LCSLA16/realtime/Full_PB_clk_wiz_1_0_stub.v:5]
INFO: [Synth 8-6155] done synthesizing module 'Full_PB_clk_wiz_1_0' (0#1) [C:/Users/HP/Desktop/up/Full_PBase/Full_PBase.runs/synth_1/.Xil/Vivado-3512-DESKTOP-LCSLA16/realtime/Full_PB_clk_wiz_1_0_stub.v:5]
WARNING: [Synth 8-7071] port 'locked' of module 'Full_PB_clk_wiz_1_0' is unconnected for instance 'clk_wiz_1' [c:/Users/HP/Desktop/up/Full_PBase/Full_PBase.gen/sources_1/bd/Full_PB/synth/Full_PB.v:254]
WARNING: [Synth 8-7023] instance 'clk_wiz_1' of module 'Full_PB_clk_wiz_1_0' has 4 connections declared, but only 3 given [c:/Users/HP/Desktop/up/Full_PBase/Full_PBase.gen/sources_1/bd/Full_PB/synth/Full_PB.v:254]
INFO: [Synth 8-6157] synthesizing module 'Full_PB_clk_wiz_2_0' [C:/Users/HP/Desktop/up/Full_PBase/Full_PBase.runs/synth_1/.Xil/Vivado-3512-DESKTOP-LCSLA16/realtime/Full_PB_clk_wiz_2_0_stub.v:5]
INFO: [Synth 8-6155] done synthesizing module 'Full_PB_clk_wiz_2_0' (0#1) [C:/Users/HP/Desktop/up/Full_PBase/Full_PBase.runs/synth_1/.Xil/Vivado-3512-DESKTOP-LCSLA16/realtime/Full_PB_clk_wiz_2_0_stub.v:5]
WARNING: [Synth 8-7071] port 'locked' of module 'Full_PB_clk_wiz_2_0' is unconnected for instance 'clk_wiz_2' [c:/Users/HP/Desktop/up/Full_PBase/Full_PBase.gen/sources_1/bd/Full_PB/synth/Full_PB.v:258]
WARNING: [Synth 8-7023] instance 'clk_wiz_2' of module 'Full_PB_clk_wiz_2_0' has 4 connections declared, but only 3 given [c:/Users/HP/Desktop/up/Full_PBase/Full_PBase.gen/sources_1/bd/Full_PB/synth/Full_PB.v:258]
INFO: [Synth 8-6157] synthesizing module 'Full_PB_mar_controller_0_0' [C:/Users/HP/Desktop/up/Full_PBase/Full_PBase.runs/synth_1/.Xil/Vivado-3512-DESKTOP-LCSLA16/realtime/Full_PB_mar_controller_0_0_stub.v:5]
INFO: [Synth 8-6155] done synthesizing module 'Full_PB_mar_controller_0_0' (0#1) [C:/Users/HP/Desktop/up/Full_PBase/Full_PBase.runs/synth_1/.Xil/Vivado-3512-DESKTOP-LCSLA16/realtime/Full_PB_mar_controller_0_0_stub.v:5]
INFO: [Synth 8-6157] synthesizing module 'Full_PB_outr_controller_0_0' [C:/Users/HP/Desktop/up/Full_PBase/Full_PBase.runs/synth_1/.Xil/Vivado-3512-DESKTOP-LCSLA16/realtime/Full_PB_outr_controller_0_0_stub.v:5]
INFO: [Synth 8-6155] done synthesizing module 'Full_PB_outr_controller_0_0' (0#1) [C:/Users/HP/Desktop/up/Full_PBase/Full_PBase.runs/synth_1/.Xil/Vivado-3512-DESKTOP-LCSLA16/realtime/Full_PB_outr_controller_0_0_stub.v:5]
INFO: [Synth 8-6157] synthesizing module 'Full_PB_pc_controller_0_0' [C:/Users/HP/Desktop/up/Full_PBase/Full_PBase.runs/synth_1/.Xil/Vivado-3512-DESKTOP-LCSLA16/realtime/Full_PB_pc_controller_0_0_stub.v:5]
INFO: [Synth 8-6155] done synthesizing module 'Full_PB_pc_controller_0_0' (0#1) [C:/Users/HP/Desktop/up/Full_PBase/Full_PBase.runs/synth_1/.Xil/Vivado-3512-DESKTOP-LCSLA16/realtime/Full_PB_pc_controller_0_0_stub.v:5]
INFO: [Synth 8-6157] synthesizing module 'Full_PB_ri_controller_0_0' [C:/Users/HP/Desktop/up/Full_PBase/Full_PBase.runs/synth_1/.Xil/Vivado-3512-DESKTOP-LCSLA16/realtime/Full_PB_ri_controller_0_0_stub.v:5]
INFO: [Synth 8-6155] done synthesizing module 'Full_PB_ri_controller_0_0' (0#1) [C:/Users/HP/Desktop/up/Full_PBase/Full_PBase.runs/synth_1/.Xil/Vivado-3512-DESKTOP-LCSLA16/realtime/Full_PB_ri_controller_0_0_stub.v:5]
INFO: [Synth 8-6155] done synthesizing module 'Full_PB' (0#1) [c:/Users/HP/Desktop/up/Full_PBase/Full_PBase.gen/sources_1/bd/Full_PB/synth/Full_PB.v:12]
INFO: [Synth 8-6155] done synthesizing module 'Full_PB_wrapper' (0#1) [c:/Users/HP/Desktop/up/Full_PBase/Full_PBase.gen/sources_1/bd/Full_PB/hdl/Full_PB_wrapper.v:12]
---------------------------------------------------------------------------------
Finished RTL Elaboration : Time (s): cpu = 00:00:06 ; elapsed = 00:00:07 . Memory (MB): peak = 1947.539 ; gain = 499.695
---------------------------------------------------------------------------------
---------------------------------------------------------------------------------
Start Handling Custom Attributes
---------------------------------------------------------------------------------
---------------------------------------------------------------------------------
Finished Handling Custom Attributes : Time (s): cpu = 00:00:06 ; elapsed = 00:00:07 . Memory (MB): peak = 1947.539 ; gain = 499.695
---------------------------------------------------------------------------------
---------------------------------------------------------------------------------
Finished RTL Optimization Phase 1 : Time (s): cpu = 00:00:06 ; elapsed = 00:00:07 . Memory (MB): peak = 1947.539 ; gain = 499.695
---------------------------------------------------------------------------------
Netlist sorting complete. Time (s): cpu = 00:00:00 ; elapsed = 00:00:00.001 . Memory (MB): peak = 1947.539 ; gain = 0.000
INFO: [Project 1-570] Preparing netlist for logic optimization

Processing XDC Constraints
Initializing timing engine
Parsing XDC File [c:/Users/HP/Desktop/up/Full_PBase/Full_PBase.gen/sources_1/bd/Full_PB/ip/Full_PB_mar_controller_0_0/Full_PB_mar_controller_0_0/Full_PB_mar_controller_0_0_in_context.xdc] for cell 'Full_PB_i/mar_controller_0'
Finished Parsing XDC File [c:/Users/HP/Desktop/up/Full_PBase/Full_PBase.gen/sources_1/bd/Full_PB/ip/Full_PB_mar_controller_0_0/Full_PB_mar_controller_0_0/Full_PB_mar_controller_0_0_in_context.xdc] for cell 'Full_PB_i/mar_controller_0'
Parsing XDC File [c:/Users/HP/Desktop/up/Full_PBase/Full_PBase.gen/sources_1/bd/Full_PB/ip/Full_PB_Control_Unit_0_0/Full_PB_Control_Unit_0_0/Full_PB_Control_Unit_0_0_in_context.xdc] for cell 'Full_PB_i/Control_Unit_0'
Finished Parsing XDC File [c:/Users/HP/Desktop/up/Full_PBase/Full_PBase.gen/sources_1/bd/Full_PB/ip/Full_PB_Control_Unit_0_0/Full_PB_Control_Unit_0_0/Full_PB_Control_Unit_0_0_in_context.xdc] for cell 'Full_PB_i/Control_Unit_0'
Parsing XDC File [c:/Users/HP/Desktop/up/Full_PBase/Full_PBase.gen/sources_1/bd/Full_PB/ip/Full_PB_MDR_Controller_0_0/Full_PB_MDR_Controller_0_0/Full_PB_MDR_Controller_0_0_in_context.xdc] for cell 'Full_PB_i/MDR_Controller_0'
Finished Parsing XDC File [c:/Users/HP/Desktop/up/Full_PBase/Full_PBase.gen/sources_1/bd/Full_PB/ip/Full_PB_MDR_Controller_0_0/Full_PB_MDR_Controller_0_0/Full_PB_MDR_Controller_0_0_in_context.xdc] for cell 'Full_PB_i/MDR_Controller_0'
Parsing XDC File [c:/Users/HP/Desktop/up/Full_PBase/Full_PBase.gen/sources_1/bd/Full_PB/ip/Full_PB_F_controller_0_0/Full_PB_F_controller_0_0/Full_PB_F_controller_0_0_in_context.xdc] for cell 'Full_PB_i/F_controller_0'
Finished Parsing XDC File [c:/Users/HP/Desktop/up/Full_PBase/Full_PBase.gen/sources_1/bd/Full_PB/ip/Full_PB_F_controller_0_0/Full_PB_F_controller_0_0/Full_PB_F_controller_0_0_in_context.xdc] for cell 'Full_PB_i/F_controller_0'
Parsing XDC File [c:/Users/HP/Desktop/up/Full_PBase/Full_PBase.gen/sources_1/bd/Full_PB/ip/Full_PB_S_Controller_0_0/Full_PB_S_Controller_0_0/Full_PB_S_Controller_0_0_in_context.xdc] for cell 'Full_PB_i/S_Controller_0'
Finished Parsing XDC File [c:/Users/HP/Desktop/up/Full_PBase/Full_PBase.gen/sources_1/bd/Full_PB/ip/Full_PB_S_Controller_0_0/Full_PB_S_Controller_0_0/Full_PB_S_Controller_0_0_in_context.xdc] for cell 'Full_PB_i/S_Controller_0'
Parsing XDC File [c:/Users/HP/Desktop/up/Full_PBase/Full_PBase.gen/sources_1/bd/Full_PB/ip/Full_PB_WR_Controller_0_0/Full_PB_WR_Controller_0_0/Full_PB_WR_Controller_0_0_in_context.xdc] for cell 'Full_PB_i/WR_Controller_0'
Finished Parsing XDC File [c:/Users/HP/Desktop/up/Full_PBase/Full_PBase.gen/sources_1/bd/Full_PB/ip/Full_PB_WR_Controller_0_0/Full_PB_WR_Controller_0_0/Full_PB_WR_Controller_0_0_in_context.xdc] for cell 'Full_PB_i/WR_Controller_0'
Parsing XDC File [c:/Users/HP/Desktop/up/Full_PBase/Full_PBase.gen/sources_1/bd/Full_PB/ip/Full_PB_ALU_Controller_0_0/Full_PB_ALU_Controller_0_0/Full_PB_ALU_Controller_0_0_in_context.xdc] for cell 'Full_PB_i/ALU_Controller_0'
Finished Parsing XDC File [c:/Users/HP/Desktop/up/Full_PBase/Full_PBase.gen/sources_1/bd/Full_PB/ip/Full_PB_ALU_Controller_0_0/Full_PB_ALU_Controller_0_0/Full_PB_ALU_Controller_0_0_in_context.xdc] for cell 'Full_PB_i/ALU_Controller_0'
Parsing XDC File [c:/Users/HP/Desktop/up/Full_PBase/Full_PBase.gen/sources_1/bd/Full_PB/ip/Full_PB_outr_controller_0_0/Full_PB_outr_controller_0_0/Full_PB_outr_controller_0_0_in_context.xdc] for cell 'Full_PB_i/outr_controller_0'
Finished Parsing XDC File [c:/Users/HP/Desktop/up/Full_PBase/Full_PBase.gen/sources_1/bd/Full_PB/ip/Full_PB_outr_controller_0_0/Full_PB_outr_controller_0_0/Full_PB_outr_controller_0_0_in_context.xdc] for cell 'Full_PB_i/outr_controller_0'
Parsing XDC File [c:/Users/HP/Desktop/up/Full_PBase/Full_PBase.gen/sources_1/bd/Full_PB/ip/Full_PB_ri_controller_0_0/Full_PB_ri_controller_0_0/Full_PB_ri_controller_0_0_in_context.xdc] for cell 'Full_PB_i/ri_controller_0'
Finished Parsing XDC File [c:/Users/HP/Desktop/up/Full_PBase/Full_PBase.gen/sources_1/bd/Full_PB/ip/Full_PB_ri_controller_0_0/Full_PB_ri_controller_0_0/Full_PB_ri_controller_0_0_in_context.xdc] for cell 'Full_PB_i/ri_controller_0'
Parsing XDC File [c:/Users/HP/Desktop/up/Full_PBase/Full_PBase.gen/sources_1/bd/Full_PB/ip/Full_PB_pc_controller_0_0/Full_PB_pc_controller_0_0/Full_PB_pc_controller_0_0_in_context.xdc] for cell 'Full_PB_i/pc_controller_0'
Finished Parsing XDC File [c:/Users/HP/Desktop/up/Full_PBase/Full_PBase.gen/sources_1/bd/Full_PB/ip/Full_PB_pc_controller_0_0/Full_PB_pc_controller_0_0/Full_PB_pc_controller_0_0_in_context.xdc] for cell 'Full_PB_i/pc_controller_0'
Parsing XDC File [c:/Users/HP/Desktop/up/Full_PBase/Full_PBase.gen/sources_1/bd/Full_PB/ip/Full_PB_FGI_Controller_0_0/Full_PB_FGI_Controller_0_0/Full_PB_FGI_Controller_0_0_in_context.xdc] for cell 'Full_PB_i/FGI_Controller_0'
Finished Parsing XDC File [c:/Users/HP/Desktop/up/Full_PBase/Full_PBase.gen/sources_1/bd/Full_PB/ip/Full_PB_FGI_Controller_0_0/Full_PB_FGI_Controller_0_0/Full_PB_FGI_Controller_0_0_in_context.xdc] for cell 'Full_PB_i/FGI_Controller_0'
Parsing XDC File [c:/Users/HP/Desktop/up/Full_PBase/Full_PBase.gen/sources_1/bd/Full_PB/ip/Full_PB_FGO_Controller_0_0/Full_PB_FGO_Controller_0_0/Full_PB_FGO_Controller_0_0_in_context.xdc] for cell 'Full_PB_i/FGO_Controller_0'
Finished Parsing XDC File [c:/Users/HP/Desktop/up/Full_PBase/Full_PBase.gen/sources_1/bd/Full_PB/ip/Full_PB_FGO_Controller_0_0/Full_PB_FGO_Controller_0_0/Full_PB_FGO_Controller_0_0_in_context.xdc] for cell 'Full_PB_i/FGO_Controller_0'
Parsing XDC File [c:/Users/HP/Desktop/up/Full_PBase/Full_PBase.gen/sources_1/bd/Full_PB/ip/Full_PB_E_controller_0_0/Full_PB_E_controller_0_0/Full_PB_E_controller_0_0_in_context.xdc] for cell 'Full_PB_i/E_controller_0'
Finished Parsing XDC File [c:/Users/HP/Desktop/up/Full_PBase/Full_PBase.gen/sources_1/bd/Full_PB/ip/Full_PB_E_controller_0_0/Full_PB_E_controller_0_0/Full_PB_E_controller_0_0_in_context.xdc] for cell 'Full_PB_i/E_controller_0'
Parsing XDC File [c:/Users/HP/Desktop/up/Full_PBase/Full_PBase.gen/sources_1/bd/Full_PB/ip/Full_PB_clk_wiz_0/Full_PB_clk_wiz_0/Full_PB_clk_wiz_0_in_context.xdc] for cell 'Full_PB_i/clk_wiz'
Finished Parsing XDC File [c:/Users/HP/Desktop/up/Full_PBase/Full_PBase.gen/sources_1/bd/Full_PB/ip/Full_PB_clk_wiz_0/Full_PB_clk_wiz_0/Full_PB_clk_wiz_0_in_context.xdc] for cell 'Full_PB_i/clk_wiz'
Parsing XDC File [c:/Users/HP/Desktop/up/Full_PBase/Full_PBase.gen/sources_1/bd/Full_PB/ip/Full_PB_clk_wiz_1_0/Full_PB_clk_wiz_1_0/Full_PB_clk_wiz_1_0_in_context.xdc] for cell 'Full_PB_i/clk_wiz_1'
Finished Parsing XDC File [c:/Users/HP/Desktop/up/Full_PBase/Full_PBase.gen/sources_1/bd/Full_PB/ip/Full_PB_clk_wiz_1_0/Full_PB_clk_wiz_1_0/Full_PB_clk_wiz_1_0_in_context.xdc] for cell 'Full_PB_i/clk_wiz_1'
Parsing XDC File [c:/Users/HP/Desktop/up/Full_PBase/Full_PBase.gen/sources_1/bd/Full_PB/ip/Full_PB_clk_wiz_2_0/Full_PB_clk_wiz_2_0/Full_PB_clk_wiz_2_0_in_context.xdc] for cell 'Full_PB_i/clk_wiz_2'
Finished Parsing XDC File [c:/Users/HP/Desktop/up/Full_PBase/Full_PBase.gen/sources_1/bd/Full_PB/ip/Full_PB_clk_wiz_2_0/Full_PB_clk_wiz_2_0/Full_PB_clk_wiz_2_0_in_context.xdc] for cell 'Full_PB_i/clk_wiz_2'
Parsing XDC File [c:/Users/HP/Desktop/up/Full_PBase/Full_PBase.gen/sources_1/bd/Full_PB/ip/Full_PB_R_Controller_0_1/Full_PB_R_Controller_0_1/Full_PB_R_Controller_0_1_in_context.xdc] for cell 'Full_PB_i/R_Controller_0'
Finished Parsing XDC File [c:/Users/HP/Desktop/up/Full_PBase/Full_PBase.gen/sources_1/bd/Full_PB/ip/Full_PB_R_Controller_0_1/Full_PB_R_Controller_0_1/Full_PB_R_Controller_0_1_in_context.xdc] for cell 'Full_PB_i/R_Controller_0'
Parsing XDC File [c:/Users/HP/Desktop/up/Full_PBase/Full_PBase.gen/sources_1/bd/Full_PB/ip/Full_PB_RAM_4Kx16_0_1/Full_PB_RAM_4Kx16_0_1/Full_PB_RAM_4Kx16_0_1_in_context.xdc] for cell 'Full_PB_i/RAM_4Kx16_0'
Finished Parsing XDC File [c:/Users/HP/Desktop/up/Full_PBase/Full_PBase.gen/sources_1/bd/Full_PB/ip/Full_PB_RAM_4Kx16_0_1/Full_PB_RAM_4Kx16_0_1/Full_PB_RAM_4Kx16_0_1_in_context.xdc] for cell 'Full_PB_i/RAM_4Kx16_0'
Parsing XDC File [C:/Users/HP/Desktop/up/Full_PBase/Full_PBase.runs/synth_1/dont_touch.xdc]
Finished Parsing XDC File [C:/Users/HP/Desktop/up/Full_PBase/Full_PBase.runs/synth_1/dont_touch.xdc]
Completed Processing XDC Constraints

Netlist sorting complete. Time (s): cpu = 00:00:00 ; elapsed = 00:00:00 . Memory (MB): peak = 1948.387 ; gain = 0.000
INFO: [Project 1-111] Unisim Transformation Summary:
No Unisim elements were transformed.

Constraint Validation Runtime : Time (s): cpu = 00:00:00 ; elapsed = 00:00:00.016 . Memory (MB): peak = 1948.387 ; gain = 0.000
INFO: [Designutils 20-5440] No compile time benefit to using incremental synthesis; A full resynthesis will be run
INFO: [Designutils 20-4379] Flow is switching to default flow due to incremental criteria not met. If you would like to alter this behaviour and have the flow terminate instead, please set the following parameter config_implementation {autoIncr.Synth.RejectBehavior Terminate}
INFO: [Synth 8-11241] undeclared symbol 'REGCCE', assumed default net type 'wire' [C:/Xilinx/Vivado/2022.2/data/verilog/src/unimacro/BRAM_SINGLE_MACRO.v:2170]
---------------------------------------------------------------------------------
Finished Constraint Validation : Time (s): cpu = 00:00:25 ; elapsed = 00:00:28 . Memory (MB): peak = 1948.387 ; gain = 500.543
---------------------------------------------------------------------------------
---------------------------------------------------------------------------------
Start Loading Part and Timing Information
---------------------------------------------------------------------------------
Loading part: xc7z020clg400-1
---------------------------------------------------------------------------------
Finished Loading Part and Timing Information : Time (s): cpu = 00:00:25 ; elapsed = 00:00:28 . Memory (MB): peak = 1948.387 ; gain = 500.543
---------------------------------------------------------------------------------
---------------------------------------------------------------------------------
Start Applying 'set_property' XDC Constraints
---------------------------------------------------------------------------------
Applied set_property IO_BUFFER_TYPE = NONE for clk_100MHz. (constraint file  c:/Users/HP/Desktop/up/Full_PBase/Full_PBase.gen/sources_1/bd/Full_PB/ip/Full_PB_clk_wiz_0/Full_PB_clk_wiz_0/Full_PB_clk_wiz_0_in_context.xdc, line 3).
Applied set_property CLOCK_BUFFER_TYPE = NONE for clk_100MHz. (constraint file  c:/Users/HP/Desktop/up/Full_PBase/Full_PBase.gen/sources_1/bd/Full_PB/ip/Full_PB_clk_wiz_0/Full_PB_clk_wiz_0/Full_PB_clk_wiz_0_in_context.xdc, line 4).
Applied set_property IO_BUFFER_TYPE = NONE for clk_100MHz_1. (constraint file  c:/Users/HP/Desktop/up/Full_PBase/Full_PBase.gen/sources_1/bd/Full_PB/ip/Full_PB_clk_wiz_1_0/Full_PB_clk_wiz_1_0/Full_PB_clk_wiz_1_0_in_context.xdc, line 3).
Applied set_property CLOCK_BUFFER_TYPE = NONE for clk_100MHz_1. (constraint file  c:/Users/HP/Desktop/up/Full_PBase/Full_PBase.gen/sources_1/bd/Full_PB/ip/Full_PB_clk_wiz_1_0/Full_PB_clk_wiz_1_0/Full_PB_clk_wiz_1_0_in_context.xdc, line 4).
Applied set_property IO_BUFFER_TYPE = NONE for clk_100MHz_2. (constraint file  c:/Users/HP/Desktop/up/Full_PBase/Full_PBase.gen/sources_1/bd/Full_PB/ip/Full_PB_clk_wiz_2_0/Full_PB_clk_wiz_2_0/Full_PB_clk_wiz_2_0_in_context.xdc, line 3).
Applied set_property CLOCK_BUFFER_TYPE = NONE for clk_100MHz_2. (constraint file  c:/Users/HP/Desktop/up/Full_PBase/Full_PBase.gen/sources_1/bd/Full_PB/ip/Full_PB_clk_wiz_2_0/Full_PB_clk_wiz_2_0/Full_PB_clk_wiz_2_0_in_context.xdc, line 4).
Applied set_property KEEP_HIERARCHY = SOFT for Full_PB_i. (constraint file  auto generated constraint).
Applied set_property KEEP_HIERARCHY = SOFT for Full_PB_i/mar_controller_0. (constraint file  auto generated constraint).
Applied set_property KEEP_HIERARCHY = SOFT for Full_PB_i/Control_Unit_0. (constraint file  auto generated constraint).
Applied set_property KEEP_HIERARCHY = SOFT for Full_PB_i/MDR_Controller_0. (constraint file  auto generated constraint).
Applied set_property KEEP_HIERARCHY = SOFT for Full_PB_i/F_controller_0. (constraint file  auto generated constraint).
Applied set_property KEEP_HIERARCHY = SOFT for Full_PB_i/S_Controller_0. (constraint file  auto generated constraint).
Applied set_property KEEP_HIERARCHY = SOFT for Full_PB_i/WR_Controller_0. (constraint file  auto generated constraint).
Applied set_property KEEP_HIERARCHY = SOFT for Full_PB_i/ALU_Controller_0. (constraint file  auto generated constraint).
Applied set_property KEEP_HIERARCHY = SOFT for Full_PB_i/outr_controller_0. (constraint file  auto generated constraint).
Applied set_property KEEP_HIERARCHY = SOFT for Full_PB_i/ri_controller_0. (constraint file  auto generated constraint).
Applied set_property KEEP_HIERARCHY = SOFT for Full_PB_i/pc_controller_0. (constraint file  auto generated constraint).
Applied set_property KEEP_HIERARCHY = SOFT for Full_PB_i/FGI_Controller_0. (constraint file  auto generated constraint).
Applied set_property KEEP_HIERARCHY = SOFT for Full_PB_i/FGO_Controller_0. (constraint file  auto generated constraint).
Applied set_property KEEP_HIERARCHY = SOFT for Full_PB_i/E_controller_0. (constraint file  auto generated constraint).
Applied set_property KEEP_HIERARCHY = SOFT for Full_PB_i/clk_wiz. (constraint file  auto generated constraint).
Applied set_property KEEP_HIERARCHY = SOFT for Full_PB_i/clk_wiz_1. (constraint file  auto generated constraint).
Applied set_property KEEP_HIERARCHY = SOFT for Full_PB_i/clk_wiz_2. (constraint file  auto generated constraint).
Applied set_property KEEP_HIERARCHY = SOFT for Full_PB_i/R_Controller_0. (constraint file  auto generated constraint).
Applied set_property KEEP_HIERARCHY = SOFT for Full_PB_i/RAM_4Kx16_0. (constraint file  auto generated constraint).
---------------------------------------------------------------------------------
Finished applying 'set_property' XDC Constraints : Time (s): cpu = 00:00:25 ; elapsed = 00:00:29 . Memory (MB): peak = 1948.387 ; gain = 500.543
---------------------------------------------------------------------------------
---------------------------------------------------------------------------------
Finished RTL Optimization Phase 2 : Time (s): cpu = 00:00:25 ; elapsed = 00:00:29 . Memory (MB): peak = 1948.387 ; gain = 500.543
---------------------------------------------------------------------------------
---------------------------------------------------------------------------------
Start RTL Component Statistics 
---------------------------------------------------------------------------------
Detailed RTL Component Info : 
---------------------------------------------------------------------------------
Finished RTL Component Statistics 
---------------------------------------------------------------------------------
---------------------------------------------------------------------------------
Start Part Resource Summary
---------------------------------------------------------------------------------
Part Resources:
DSPs: 220 (col length:60)
BRAMs: 280 (col length: RAMB18 60 RAMB36 30)
---------------------------------------------------------------------------------
Finished Part Resource Summary
---------------------------------------------------------------------------------
---------------------------------------------------------------------------------
Start Cross Boundary and Area Optimization
---------------------------------------------------------------------------------
WARNING: [Synth 8-7080] Parallel synthesis criteria is not met
---------------------------------------------------------------------------------
Finished Cross Boundary and Area Optimization : Time (s): cpu = 00:00:30 ; elapsed = 00:00:34 . Memory (MB): peak = 1948.387 ; gain = 500.543
---------------------------------------------------------------------------------
---------------------------------------------------------------------------------
Start Applying XDC Timing Constraints
---------------------------------------------------------------------------------
---------------------------------------------------------------------------------
Finished Applying XDC Timing Constraints : Time (s): cpu = 00:00:45 ; elapsed = 00:00:51 . Memory (MB): peak = 1950.801 ; gain = 502.957
---------------------------------------------------------------------------------
---------------------------------------------------------------------------------
Start Timing Optimization
---------------------------------------------------------------------------------
---------------------------------------------------------------------------------
Finished Timing Optimization : Time (s): cpu = 00:00:45 ; elapsed = 00:00:51 . Memory (MB): peak = 1950.801 ; gain = 502.957
---------------------------------------------------------------------------------
---------------------------------------------------------------------------------
Start Technology Mapping
---------------------------------------------------------------------------------
---------------------------------------------------------------------------------
Finished Technology Mapping : Time (s): cpu = 00:00:45 ; elapsed = 00:00:51 . Memory (MB): peak = 1967.227 ; gain = 519.383
---------------------------------------------------------------------------------
---------------------------------------------------------------------------------
Start IO Insertion
---------------------------------------------------------------------------------
---------------------------------------------------------------------------------
Start Flattening Before IO Insertion
---------------------------------------------------------------------------------
---------------------------------------------------------------------------------
Finished Flattening Before IO Insertion
---------------------------------------------------------------------------------
---------------------------------------------------------------------------------
Start Final Netlist Cleanup
---------------------------------------------------------------------------------
---------------------------------------------------------------------------------
Finished Final Netlist Cleanup
---------------------------------------------------------------------------------
---------------------------------------------------------------------------------
Finished IO Insertion : Time (s): cpu = 00:00:56 ; elapsed = 00:01:03 . Memory (MB): peak = 1972.020 ; gain = 524.176
---------------------------------------------------------------------------------
---------------------------------------------------------------------------------
Start Renaming Generated Instances
---------------------------------------------------------------------------------
---------------------------------------------------------------------------------
Finished Renaming Generated Instances : Time (s): cpu = 00:00:56 ; elapsed = 00:01:03 . Memory (MB): peak = 1972.020 ; gain = 524.176
---------------------------------------------------------------------------------
---------------------------------------------------------------------------------
Start Rebuilding User Hierarchy
---------------------------------------------------------------------------------
---------------------------------------------------------------------------------
Finished Rebuilding User Hierarchy : Time (s): cpu = 00:00:56 ; elapsed = 00:01:03 . Memory (MB): peak = 1972.020 ; gain = 524.176
---------------------------------------------------------------------------------
---------------------------------------------------------------------------------
Start Renaming Generated Ports
---------------------------------------------------------------------------------
---------------------------------------------------------------------------------
Finished Renaming Generated Ports : Time (s): cpu = 00:00:56 ; elapsed = 00:01:03 . Memory (MB): peak = 1972.020 ; gain = 524.176
---------------------------------------------------------------------------------
---------------------------------------------------------------------------------
Start Handling Custom Attributes
---------------------------------------------------------------------------------
---------------------------------------------------------------------------------
Finished Handling Custom Attributes : Time (s): cpu = 00:00:56 ; elapsed = 00:01:03 . Memory (MB): peak = 1972.020 ; gain = 524.176
---------------------------------------------------------------------------------
---------------------------------------------------------------------------------
Start Renaming Generated Nets
---------------------------------------------------------------------------------
---------------------------------------------------------------------------------
Finished Renaming Generated Nets : Time (s): cpu = 00:00:56 ; elapsed = 00:01:03 . Memory (MB): peak = 1972.020 ; gain = 524.176
---------------------------------------------------------------------------------
---------------------------------------------------------------------------------
Start Writing Synthesis Report
---------------------------------------------------------------------------------

Report BlackBoxes: 
+------+----------------------------+----------+
|      |BlackBox name               |Instances |
+------+----------------------------+----------+
|1     |Full_PB_ALU_Controller_0_0  |         1|
|2     |Full_PB_Control_Unit_0_0    |         1|
|3     |Full_PB_E_controller_0_0    |         1|
|4     |Full_PB_FGI_Controller_0_0  |         1|
|5     |Full_PB_FGO_Controller_0_0  |         1|
|6     |Full_PB_F_controller_0_0    |         1|
|7     |Full_PB_MDR_Controller_0_0  |         1|
|8     |Full_PB_RAM_4Kx16_0_1       |         1|
|9     |Full_PB_R_Controller_0_1    |         1|
|10    |Full_PB_S_Controller_0_0    |         1|
|11    |Full_PB_WR_Controller_0_0   |         1|
|12    |Full_PB_clk_wiz_0           |         1|
|13    |Full_PB_clk_wiz_1_0         |         1|
|14    |Full_PB_clk_wiz_2_0         |         1|
|15    |Full_PB_mar_controller_0_0  |         1|
|16    |Full_PB_outr_controller_0_0 |         1|
|17    |Full_PB_pc_controller_0_0   |         1|
|18    |Full_PB_ri_controller_0_0   |         1|
+------+----------------------------+----------+

Report Cell Usage: 
+------+--------------------------+------+
|      |Cell                      |Count |
+------+--------------------------+------+
|1     |Full_PB_ALU_Controller_0  |     1|
|2     |Full_PB_Control_Unit_0    |     1|
|3     |Full_PB_E_controller_0    |     1|
|4     |Full_PB_FGI_Controller_0  |     1|
|5     |Full_PB_FGO_Controller_0  |     1|
|6     |Full_PB_F_controller_0    |     1|
|7     |Full_PB_MDR_Controller_0  |     1|
|8     |Full_PB_RAM_4Kx16_0       |     1|
|9     |Full_PB_R_Controller_0    |     1|
|10    |Full_PB_S_Controller_0    |     1|
|11    |Full_PB_WR_Controller_0   |     1|
|12    |Full_PB_clk_wiz           |     1|
|13    |Full_PB_clk_wiz_1         |     1|
|14    |Full_PB_clk_wiz_2         |     1|
|15    |Full_PB_mar_controller_0  |     1|
|16    |Full_PB_outr_controller_0 |     1|
|17    |Full_PB_pc_controller_0   |     1|
|18    |Full_PB_ri_controller_0   |     1|
|19    |IBUF                      |    11|
|20    |OBUF                      |     8|
+------+--------------------------+------+
---------------------------------------------------------------------------------
Finished Writing Synthesis Report : Time (s): cpu = 00:00:56 ; elapsed = 00:01:03 . Memory (MB): peak = 1972.020 ; gain = 524.176
---------------------------------------------------------------------------------
Synthesis finished with 0 errors, 0 critical warnings and 1 warnings.
Synthesis Optimization Runtime : Time (s): cpu = 00:00:46 ; elapsed = 00:00:58 . Memory (MB): peak = 1972.020 ; gain = 523.328
Synthesis Optimization Complete : Time (s): cpu = 00:00:57 ; elapsed = 00:01:03 . Memory (MB): peak = 1972.020 ; gain = 524.176
INFO: [Project 1-571] Translating synthesized netlist
Netlist sorting complete. Time (s): cpu = 00:00:00 ; elapsed = 00:00:00.004 . Memory (MB): peak = 1984.078 ; gain = 0.000
INFO: [Project 1-570] Preparing netlist for logic optimization
INFO: [Opt 31-138] Pushed 0 inverter(s) to 0 load pin(s).
Netlist sorting complete. Time (s): cpu = 00:00:00 ; elapsed = 00:00:00 . Memory (MB): peak = 1987.887 ; gain = 0.000
INFO: [Project 1-111] Unisim Transformation Summary:
No Unisim elements were transformed.

Synth Design complete, checksum: fb3c4ea3
INFO: [Common 17-83] Releasing license: Synthesis
77 Infos, 9 Warnings, 0 Critical Warnings and 0 Errors encountered.
synth_design completed successfully
synth_design: Time (s): cpu = 00:01:03 ; elapsed = 00:01:11 . Memory (MB): peak = 1987.887 ; gain = 946.898
INFO: [Common 17-1381] The checkpoint 'C:/Users/HP/Desktop/up/Full_PBase/Full_PBase.runs/synth_1/Full_PB_wrapper.dcp' has been generated.
INFO: [runtcl-4] Executing : report_utilization -file Full_PB_wrapper_utilization_synth.rpt -pb Full_PB_wrapper_utilization_synth.pb
INFO: [Common 17-206] Exiting Vivado at Thu Jul 17 15:42:30 2025...
