
*** Running vivado
    with args -log processor_RAM_4Kx16_0_0.vds -m64 -product Vivado -mode batch -messageDb vivado.pb -notrace -source processor_RAM_4Kx16_0_0.tcl



****** Vivado v2022.2 (64-bit)
  **** SW Build 3671981 on Fri Oct 14 05:00:03 MDT 2022
  **** IP Build 3669848 on Fri Oct 14 08:30:02 MDT 2022
    ** Copyright 1986-2022 Xilinx, Inc. All Rights Reserved.

source processor_RAM_4Kx16_0_0.tcl -notrace
create_project: Time (s): cpu = 00:00:06 ; elapsed = 00:00:06 . Memory (MB): peak = 1001.359 ; gain = 118.266
INFO: [IP_Flow 19-234] Refreshing IP repositories
INFO: [IP_Flow 19-1700] Loaded user IP repository 'c:/Users/HP/Desktop/up/Alu_controller'.
INFO: [IP_Flow 19-1700] Loaded user IP repository 'c:/Users/HP/Desktop/up/Control_Unit'.
INFO: [IP_Flow 19-1700] Loaded user IP repository 'c:/Users/HP/Desktop/up/E_Controller'.
INFO: [IP_Flow 19-1700] Loaded user IP repository 'c:/Users/HP/Desktop/up/FGI_Controller'.
INFO: [IP_Flow 19-1700] Loaded user IP repository 'c:/Users/HP/Desktop/up/FGO_Controller'.
INFO: [IP_Flow 19-1700] Loaded user IP repository 'c:/Users/HP/Desktop/up/F_Controller'.
INFO: [IP_Flow 19-1700] Loaded user IP repository 'c:/Users/HP/Desktop/up/MAR_Controller'.
INFO: [IP_Flow 19-1700] Loaded user IP repository 'c:/Users/HP/Desktop/up/MDR_Controller'.
INFO: [IP_Flow 19-1700] Loaded user IP repository 'c:/Users/HP/Desktop/up/OUTR_Controller'.
INFO: [IP_Flow 19-1700] Loaded user IP repository 'c:/Users/HP/Desktop/up/PC_controller'.
INFO: [IP_Flow 19-1700] Loaded user IP repository 'c:/Users/HP/Desktop/up/RI_Controller'.
INFO: [IP_Flow 19-1700] Loaded user IP repository 'c:/Users/HP/Desktop/up/R_Controller'.
INFO: [IP_Flow 19-1700] Loaded user IP repository 'c:/Users/HP/Desktop/up/S_Controller'.
INFO: [IP_Flow 19-1700] Loaded user IP repository 'c:/Users/HP/Desktop/up/WR_Controller'.
INFO: [IP_Flow 19-1700] Loaded user IP repository 'c:/Users/HP/Desktop/up/ram'.
INFO: [IP_Flow 19-2313] Loaded Vivado IP repository 'C:/Xilinx/Vivado/2022.2/data/ip'.
INFO: [IP_Flow 19-6924] IPCACHE: Running cache check for IP inst: processor_RAM_4Kx16_0_0
Command: synth_design -top processor_RAM_4Kx16_0_0 -part xc7z020clg400-1 -incremental_mode off -mode out_of_context
Starting synth_design
Attempting to get a license for feature 'Synthesis' and/or device 'xc7z020'
INFO: [Common 17-349] Got license for feature 'Synthesis' and/or device 'xc7z020'
INFO: [Device 21-403] Loading part xc7z020clg400-1
INFO: [Synth 8-7079] Multithreading enabled for synth_design using a maximum of 2 processes.
INFO: [Synth 8-7078] Launching helper process for spawning children vivado processes
INFO: [Synth 8-7075] Helper process launched with PID 9000
INFO: [Synth 8-11241] undeclared symbol 'REGCCE', assumed default net type 'wire' [C:/Xilinx/Vivado/2022.2/data/verilog/src/unimacro/BRAM_SINGLE_MACRO.v:2170]
---------------------------------------------------------------------------------
Starting RTL Elaboration : Time (s): cpu = 00:00:08 ; elapsed = 00:00:08 . Memory (MB): peak = 1849.441 ; gain = 406.738
---------------------------------------------------------------------------------
INFO: [Synth 8-6157] synthesizing module 'processor_RAM_4Kx16_0_0' [c:/Users/HP/Desktop/up/processor/processor.gen/sources_1/bd/processor/ip/processor_RAM_4Kx16_0_0/synth/processor_RAM_4Kx16_0_0.v:53]
INFO: [Synth 8-6157] synthesizing module 'RAM_4Kx16' [c:/Users/HP/Desktop/up/processor/processor.gen/sources_1/bd/processor/ipshared/2a26/sources_1/new/ram.v:21]
INFO: [Synth 8-6155] done synthesizing module 'RAM_4Kx16' (0#1) [c:/Users/HP/Desktop/up/processor/processor.gen/sources_1/bd/processor/ipshared/2a26/sources_1/new/ram.v:21]
INFO: [Synth 8-6155] done synthesizing module 'processor_RAM_4Kx16_0_0' (0#1) [c:/Users/HP/Desktop/up/processor/processor.gen/sources_1/bd/processor/ip/processor_RAM_4Kx16_0_0/synth/processor_RAM_4Kx16_0_0.v:53]
---------------------------------------------------------------------------------
Finished RTL Elaboration : Time (s): cpu = 00:00:10 ; elapsed = 00:00:10 . Memory (MB): peak = 1941.328 ; gain = 498.625
---------------------------------------------------------------------------------
---------------------------------------------------------------------------------
Start Handling Custom Attributes
---------------------------------------------------------------------------------
---------------------------------------------------------------------------------
Finished Handling Custom Attributes : Time (s): cpu = 00:00:10 ; elapsed = 00:00:10 . Memory (MB): peak = 1941.328 ; gain = 498.625
---------------------------------------------------------------------------------
---------------------------------------------------------------------------------
Finished RTL Optimization Phase 1 : Time (s): cpu = 00:00:10 ; elapsed = 00:00:10 . Memory (MB): peak = 1941.328 ; gain = 498.625
---------------------------------------------------------------------------------
Netlist sorting complete. Time (s): cpu = 00:00:00 ; elapsed = 00:00:00.001 . Memory (MB): peak = 1941.328 ; gain = 0.000
INFO: [Project 1-570] Preparing netlist for logic optimization

Processing XDC Constraints
Initializing timing engine
Completed Processing XDC Constraints

Netlist sorting complete. Time (s): cpu = 00:00:00 ; elapsed = 00:00:00.001 . Memory (MB): peak = 1979.277 ; gain = 0.000
INFO: [Project 1-111] Unisim Transformation Summary:
No Unisim elements were transformed.

Constraint Validation Runtime : Time (s): cpu = 00:00:00 ; elapsed = 00:00:00.037 . Memory (MB): peak = 1979.285 ; gain = 0.008
INFO: [Designutils 20-5008] Incremental synthesis strategy off
INFO: [Synth 8-11241] undeclared symbol 'REGCCE', assumed default net type 'wire' [C:/Xilinx/Vivado/2022.2/data/verilog/src/unimacro/BRAM_SINGLE_MACRO.v:2170]
---------------------------------------------------------------------------------
Finished Constraint Validation : Time (s): cpu = 00:00:29 ; elapsed = 00:00:30 . Memory (MB): peak = 1979.285 ; gain = 536.582
---------------------------------------------------------------------------------
---------------------------------------------------------------------------------
Start Loading Part and Timing Information
---------------------------------------------------------------------------------
Loading part: xc7z020clg400-1
---------------------------------------------------------------------------------
Finished Loading Part and Timing Information : Time (s): cpu = 00:00:29 ; elapsed = 00:00:30 . Memory (MB): peak = 1979.285 ; gain = 536.582
---------------------------------------------------------------------------------
---------------------------------------------------------------------------------
Start Applying 'set_property' XDC Constraints
---------------------------------------------------------------------------------
---------------------------------------------------------------------------------
Finished applying 'set_property' XDC Constraints : Time (s): cpu = 00:00:29 ; elapsed = 00:00:30 . Memory (MB): peak = 1979.285 ; gain = 536.582
---------------------------------------------------------------------------------
---------------------------------------------------------------------------------
Finished RTL Optimization Phase 2 : Time (s): cpu = 00:00:30 ; elapsed = 00:00:31 . Memory (MB): peak = 1979.285 ; gain = 536.582
---------------------------------------------------------------------------------
---------------------------------------------------------------------------------
Start RTL Component Statistics 
---------------------------------------------------------------------------------
Detailed RTL Component Info : 
+---Registers : 
	               16 Bit    Registers := 1     
+---RAMs : 
	              64K Bit	(4096 X 16 bit)          RAMs := 1     
---------------------------------------------------------------------------------
Finished RTL Component Statistics 
---------------------------------------------------------------------------------
---------------------------------------------------------------------------------
Start Part Resource Summary
---------------------------------------------------------------------------------
Part Resources:
DSPs: 220 (col length:60)
BRAMs: 280 (col length: RAMB18 60 RAMB36 30)
---------------------------------------------------------------------------------
Finished Part Resource Summary
---------------------------------------------------------------------------------
---------------------------------------------------------------------------------
Start Cross Boundary and Area Optimization
---------------------------------------------------------------------------------
WARNING: [Synth 8-7080] Parallel synthesis criteria is not met
---------------------------------------------------------------------------------
Finished Cross Boundary and Area Optimization : Time (s): cpu = 00:00:34 ; elapsed = 00:00:36 . Memory (MB): peak = 1979.285 ; gain = 536.582
---------------------------------------------------------------------------------
---------------------------------------------------------------------------------
Start ROM, RAM, DSP, Shift Register and Retiming Reporting
---------------------------------------------------------------------------------

Block RAM: Preliminary Mapping Report (see note below)
+------------------------+-----------------+------------------------+---+---+------------------------+---+---+------------------+--------+--------+
|Module Name             | RTL Object      | PORT A (Depth x Width) | W | R | PORT B (Depth x Width) | W | R | Ports driving FF | RAMB18 | RAMB36 | 
+------------------------+-----------------+------------------------+---+---+------------------------+---+---+------------------+--------+--------+
|processor_RAM_4Kx16_0_0 | inst/memory_reg | 4 K x 16(READ_FIRST)   | W |   | 4 K x 16(WRITE_FIRST)  |   | R | Port A and B     | 0      | 2      | 
+------------------------+-----------------+------------------------+---+---+------------------------+---+---+------------------+--------+--------+

Note: The table above is a preliminary report that shows the Block RAMs at the current stage of the synthesis flow. Some Block RAMs may be reimplemented as non Block RAM primitives later in the synthesis flow. Multiple instantiated Block RAMs are reported only once. 
---------------------------------------------------------------------------------
Finished ROM, RAM, DSP, Shift Register and Retiming Reporting
---------------------------------------------------------------------------------
---------------------------------------------------------------------------------
Start Applying XDC Timing Constraints
---------------------------------------------------------------------------------
---------------------------------------------------------------------------------
Finished Applying XDC Timing Constraints : Time (s): cpu = 00:00:49 ; elapsed = 00:00:51 . Memory (MB): peak = 1979.285 ; gain = 536.582
---------------------------------------------------------------------------------
---------------------------------------------------------------------------------
Start Timing Optimization
---------------------------------------------------------------------------------
---------------------------------------------------------------------------------
Finished Timing Optimization : Time (s): cpu = 00:00:49 ; elapsed = 00:00:51 . Memory (MB): peak = 1979.285 ; gain = 536.582
---------------------------------------------------------------------------------
---------------------------------------------------------------------------------
Start ROM, RAM, DSP, Shift Register and Retiming Reporting
---------------------------------------------------------------------------------

Block RAM: Final Mapping Report
+------------------------+-----------------+------------------------+---+---+------------------------+---+---+------------------+--------+--------+
|Module Name             | RTL Object      | PORT A (Depth x Width) | W | R | PORT B (Depth x Width) | W | R | Ports driving FF | RAMB18 | RAMB36 | 
+------------------------+-----------------+------------------------+---+---+------------------------+---+---+------------------+--------+--------+
|processor_RAM_4Kx16_0_0 | inst/memory_reg | 4 K x 16(READ_FIRST)   | W |   | 4 K x 16(WRITE_FIRST)  |   | R | Port A and B     | 0      | 2      | 
+------------------------+-----------------+------------------------+---+---+------------------------+---+---+------------------+--------+--------+

---------------------------------------------------------------------------------
Finished ROM, RAM, DSP, Shift Register and Retiming Reporting
---------------------------------------------------------------------------------
---------------------------------------------------------------------------------
Start Technology Mapping
---------------------------------------------------------------------------------
INFO: [Synth 8-7052] The timing for the instance inst/memory_reg_0 (implemented as a Block RAM) might be sub-optimal as no optional output register could be merged into the ram block. Providing additional output register may help in improving timing.
INFO: [Synth 8-7052] The timing for the instance inst/memory_reg_1 (implemented as a Block RAM) might be sub-optimal as no optional output register could be merged into the ram block. Providing additional output register may help in improving timing.
---------------------------------------------------------------------------------
Finished Technology Mapping : Time (s): cpu = 00:00:50 ; elapsed = 00:00:51 . Memory (MB): peak = 1979.285 ; gain = 536.582
---------------------------------------------------------------------------------
---------------------------------------------------------------------------------
Start IO Insertion
---------------------------------------------------------------------------------
---------------------------------------------------------------------------------
Start Flattening Before IO Insertion
---------------------------------------------------------------------------------
---------------------------------------------------------------------------------
Finished Flattening Before IO Insertion
---------------------------------------------------------------------------------
---------------------------------------------------------------------------------
Start Final Netlist Cleanup
---------------------------------------------------------------------------------
---------------------------------------------------------------------------------
Finished Final Netlist Cleanup
---------------------------------------------------------------------------------
---------------------------------------------------------------------------------
Finished IO Insertion : Time (s): cpu = 00:01:03 ; elapsed = 00:01:05 . Memory (MB): peak = 1979.285 ; gain = 536.582
---------------------------------------------------------------------------------
---------------------------------------------------------------------------------
Start Renaming Generated Instances
---------------------------------------------------------------------------------
---------------------------------------------------------------------------------
Finished Renaming Generated Instances : Time (s): cpu = 00:01:03 ; elapsed = 00:01:05 . Memory (MB): peak = 1979.285 ; gain = 536.582
---------------------------------------------------------------------------------
---------------------------------------------------------------------------------
Start Rebuilding User Hierarchy
---------------------------------------------------------------------------------
---------------------------------------------------------------------------------
Finished Rebuilding User Hierarchy : Time (s): cpu = 00:01:03 ; elapsed = 00:01:05 . Memory (MB): peak = 1979.285 ; gain = 536.582
---------------------------------------------------------------------------------
---------------------------------------------------------------------------------
Start Renaming Generated Ports
---------------------------------------------------------------------------------
---------------------------------------------------------------------------------
Finished Renaming Generated Ports : Time (s): cpu = 00:01:03 ; elapsed = 00:01:05 . Memory (MB): peak = 1979.285 ; gain = 536.582
---------------------------------------------------------------------------------
---------------------------------------------------------------------------------
Start Handling Custom Attributes
---------------------------------------------------------------------------------
---------------------------------------------------------------------------------
Finished Handling Custom Attributes : Time (s): cpu = 00:01:03 ; elapsed = 00:01:05 . Memory (MB): peak = 1979.285 ; gain = 536.582
---------------------------------------------------------------------------------
---------------------------------------------------------------------------------
Start Renaming Generated Nets
---------------------------------------------------------------------------------
---------------------------------------------------------------------------------
Finished Renaming Generated Nets : Time (s): cpu = 00:01:03 ; elapsed = 00:01:05 . Memory (MB): peak = 1979.285 ; gain = 536.582
---------------------------------------------------------------------------------
---------------------------------------------------------------------------------
Start Writing Synthesis Report
---------------------------------------------------------------------------------

Report BlackBoxes: 
+-+--------------+----------+
| |BlackBox name |Instances |
+-+--------------+----------+
+-+--------------+----------+

Report Cell Usage: 
+------+---------+------+
|      |Cell     |Count |
+------+---------+------+
|1     |LUT2     |     2|
|2     |RAMB36E1 |     2|
+------+---------+------+
---------------------------------------------------------------------------------
Finished Writing Synthesis Report : Time (s): cpu = 00:01:03 ; elapsed = 00:01:05 . Memory (MB): peak = 1979.285 ; gain = 536.582
---------------------------------------------------------------------------------
Synthesis finished with 0 errors, 0 critical warnings and 1 warnings.
Synthesis Optimization Runtime : Time (s): cpu = 00:00:49 ; elapsed = 00:01:00 . Memory (MB): peak = 1979.285 ; gain = 498.625
Synthesis Optimization Complete : Time (s): cpu = 00:01:03 ; elapsed = 00:01:05 . Memory (MB): peak = 1979.285 ; gain = 536.582
INFO: [Project 1-571] Translating synthesized netlist
Netlist sorting complete. Time (s): cpu = 00:00:00 ; elapsed = 00:00:00.001 . Memory (MB): peak = 1988.238 ; gain = 0.000
INFO: [Netlist 29-17] Analyzing 2 Unisim elements for replacement
INFO: [Netlist 29-28] Unisim Transformation completed in 0 CPU seconds
INFO: [Project 1-570] Preparing netlist for logic optimization
INFO: [Opt 31-138] Pushed 0 inverter(s) to 0 load pin(s).
Netlist sorting complete. Time (s): cpu = 00:00:00 ; elapsed = 00:00:00 . Memory (MB): peak = 1992.125 ; gain = 0.000
INFO: [Project 1-111] Unisim Transformation Summary:
No Unisim elements were transformed.

Synth Design complete, checksum: 8edc3ddd
INFO: [Common 17-83] Releasing license: Synthesis
41 Infos, 1 Warnings, 0 Critical Warnings and 0 Errors encountered.
synth_design completed successfully
synth_design: Time (s): cpu = 00:01:10 ; elapsed = 00:01:14 . Memory (MB): peak = 1992.125 ; gain = 951.824
INFO: [Common 17-1381] The checkpoint 'C:/Users/HP/Desktop/up/processor/processor.runs/processor_RAM_4Kx16_0_0_synth_1/processor_RAM_4Kx16_0_0.dcp' has been generated.
INFO: [Coretcl 2-1648] Added synthesis output to IP cache for IP processor_RAM_4Kx16_0_0, cache-ID = 56793595f6e064ce
INFO: [Common 17-1381] The checkpoint 'C:/Users/HP/Desktop/up/processor/processor.runs/processor_RAM_4Kx16_0_0_synth_1/processor_RAM_4Kx16_0_0.dcp' has been generated.
INFO: [runtcl-4] Executing : report_utilization -file processor_RAM_4Kx16_0_0_utilization_synth.rpt -pb processor_RAM_4Kx16_0_0_utilization_synth.pb
INFO: [Common 17-206] Exiting Vivado at Fri Jul 18 01:16:55 2025...
