INFO: [VRFC 10-2263] Analyzing Verilog file "C:/Users/HP/Desktop/up/processor/processor.gen/sources_1/bd/processor/ipshared/7224/FR_Decoder.v" into library xil_defaultlib
INFO: [VRFC 10-311] analyzing module FR_Decoder
INFO: [VRFC 10-2263] Analyzing Verilog file "C:/Users/HP/Desktop/up/processor/processor.gen/sources_1/bd/processor/ipshared/7224/F_Generator.v" into library xil_defaultlib
INFO: [VRFC 10-311] analyzing module F_Generator
INFO: [VRFC 10-2263] Analyzing Verilog file "C:/Users/HP/Desktop/up/processor/processor.gen/sources_1/bd/processor/ipshared/7224/Instruction_Decoder.v" into library xil_defaultlib
INFO: [VRFC 10-311] analyzing module Instruction_Decoder
INFO: [VRFC 10-2263] Analyzing Verilog file "C:/Users/HP/Desktop/up/processor/processor.gen/sources_1/bd/processor/ipshared/7224/Sync_Gen.v" into library xil_defaultlib
INFO: [VRFC 10-311] analyzing module Sync_Gen
INFO: [VRFC 10-2263] Analyzing Verilog file "C:/Users/HP/Desktop/up/processor/processor.gen/sources_1/bd/processor/ipshared/7224/Control_Unit.v" into library xil_defaultlib
INFO: [VRFC 10-311] analyzing module Control_Unit
INFO: [VRFC 10-2263] Analyzing Verilog file "C:/Users/HP/Desktop/up/processor/processor.gen/sources_1/bd/processor/ip/processor_Control_Unit_0_0/sim/processor_Control_Unit_0_0.v" into library xil_defaultlib
INFO: [VRFC 10-311] analyzing module processor_Control_Unit_0_0
INFO: [VRFC 10-2263] Analyzing Verilog file "C:/Users/HP/Desktop/up/processor/processor.gen/sources_1/bd/processor/ipshared/6349/sources_1/new/S_controller.v" into library xil_defaultlib
INFO: [VRFC 10-311] analyzing module S_Controller
INFO: [VRFC 10-2263] Analyzing Verilog file "C:/Users/HP/Desktop/up/processor/processor.gen/sources_1/bd/processor/ip/processor_S_Controller_0_0/sim/processor_S_Controller_0_0.v" into library xil_defaultlib
INFO: [VRFC 10-311] analyzing module processor_S_Controller_0_0
INFO: [VRFC 10-2263] Analyzing Verilog file "C:/Users/HP/Desktop/up/processor/processor.gen/sources_1/bd/processor/ipshared/c31b/sources_1/new/F_controller.v" into library xil_defaultlib
INFO: [VRFC 10-311] analyzing module F_controller
INFO: [VRFC 10-2263] Analyzing Verilog file "C:/Users/HP/Desktop/up/processor/processor.gen/sources_1/bd/processor/ip/processor_F_controller_0_0/sim/processor_F_controller_0_0.v" into library xil_defaultlib
INFO: [VRFC 10-311] analyzing module processor_F_controller_0_0
INFO: [VRFC 10-2263] Analyzing Verilog file "C:/Users/HP/Desktop/up/processor/processor.gen/sources_1/bd/processor/ipshared/cc88/sources_1/new/R_Controller.v" into library xil_defaultlib
INFO: [VRFC 10-311] analyzing module R_Controller
INFO: [VRFC 10-2263] Analyzing Verilog file "C:/Users/HP/Desktop/up/processor/processor.gen/sources_1/bd/processor/ip/processor_R_Controller_0_0/sim/processor_R_Controller_0_0.v" into library xil_defaultlib
INFO: [VRFC 10-311] analyzing module processor_R_Controller_0_0
INFO: [VRFC 10-2263] Analyzing Verilog file "C:/Users/HP/Desktop/up/processor/processor.gen/sources_1/bd/processor/ipshared/f1b7/sources_1/new/ri_controller.v" into library xil_defaultlib
INFO: [VRFC 10-311] analyzing module ri_controller
INFO: [VRFC 10-2263] Analyzing Verilog file "C:/Users/HP/Desktop/up/processor/processor.gen/sources_1/bd/processor/ip/processor_ri_controller_0_0/sim/processor_ri_controller_0_0.v" into library xil_defaultlib
INFO: [VRFC 10-311] analyzing module processor_ri_controller_0_0
INFO: [VRFC 10-2263] Analyzing Verilog file "C:/Users/HP/Desktop/up/processor/processor.gen/sources_1/bd/processor/ipshared/4c94/sources_1/new/alu_controller.v" into library xil_defaultlib
INFO: [VRFC 10-311] analyzing module ALU_Controller
INFO: [VRFC 10-2263] Analyzing Verilog file "C:/Users/HP/Desktop/up/processor/processor.gen/sources_1/bd/processor/ip/processor_ALU_Controller_0_0/sim/processor_ALU_Controller_0_0.v" into library xil_defaultlib
INFO: [VRFC 10-311] analyzing module processor_ALU_Controller_0_0
INFO: [VRFC 10-2263] Analyzing Verilog file "C:/Users/HP/Desktop/up/processor/processor.gen/sources_1/bd/processor/ipshared/161b/sources_1/new/mdr_controller.v" into library xil_defaultlib
INFO: [VRFC 10-311] analyzing module MDR_Controller
INFO: [VRFC 10-2263] Analyzing Verilog file "C:/Users/HP/Desktop/up/processor/processor.gen/sources_1/bd/processor/ip/processor_MDR_Controller_0_0/sim/processor_MDR_Controller_0_0.v" into library xil_defaultlib
INFO: [VRFC 10-311] analyzing module processor_MDR_Controller_0_0
INFO: [VRFC 10-2263] Analyzing Verilog file "C:/Users/HP/Desktop/up/processor/processor.gen/sources_1/bd/processor/ipshared/5974/sources_1/new/mar_controller.v" into library xil_defaultlib
INFO: [VRFC 10-311] analyzing module mar_controller
INFO: [VRFC 10-2263] Analyzing Verilog file "C:/Users/HP/Desktop/up/processor/processor.gen/sources_1/bd/processor/ip/processor_mar_controller_0_0/sim/processor_mar_controller_0_0.v" into library xil_defaultlib
INFO: [VRFC 10-311] analyzing module processor_mar_controller_0_0
INFO: [VRFC 10-2263] Analyzing Verilog file "C:/Users/HP/Desktop/up/processor/processor.gen/sources_1/bd/processor/ipshared/167c/sources_1/new/PC_controller.v" into library xil_defaultlib
INFO: [VRFC 10-311] analyzing module pc_controller
INFO: [VRFC 10-2263] Analyzing Verilog file "C:/Users/HP/Desktop/up/processor/processor.gen/sources_1/bd/processor/ip/processor_pc_controller_0_0/sim/processor_pc_controller_0_0.v" into library xil_defaultlib
INFO: [VRFC 10-311] analyzing module processor_pc_controller_0_0
INFO: [VRFC 10-2263] Analyzing Verilog file "C:/Users/HP/Desktop/up/processor/processor.gen/sources_1/bd/processor/ipshared/9868/sources_1/new/FGI_Controller.v" into library xil_defaultlib
INFO: [VRFC 10-311] analyzing module FGI_Controller
INFO: [VRFC 10-2263] Analyzing Verilog file "C:/Users/HP/Desktop/up/processor/processor.gen/sources_1/bd/processor/ip/processor_FGI_Controller_0_0/sim/processor_FGI_Controller_0_0.v" into library xil_defaultlib
INFO: [VRFC 10-311] analyzing module processor_FGI_Controller_0_0
INFO: [VRFC 10-2263] Analyzing Verilog file "C:/Users/HP/Desktop/up/processor/processor.gen/sources_1/bd/processor/ipshared/96af/sources_1/new/FGO_Controller.v" into library xil_defaultlib
INFO: [VRFC 10-311] analyzing module FGO_Controller
INFO: [VRFC 10-2263] Analyzing Verilog file "C:/Users/HP/Desktop/up/processor/processor.gen/sources_1/bd/processor/ip/processor_FGO_Controller_0_0/sim/processor_FGO_Controller_0_0.v" into library xil_defaultlib
INFO: [VRFC 10-311] analyzing module processor_FGO_Controller_0_0
INFO: [VRFC 10-2263] Analyzing Verilog file "C:/Users/HP/Desktop/up/processor/processor.gen/sources_1/bd/processor/ipshared/64e4/sources_1/new/wr_controller.v" into library xil_defaultlib
INFO: [VRFC 10-311] analyzing module WR_Controller
INFO: [VRFC 10-2263] Analyzing Verilog file "C:/Users/HP/Desktop/up/processor/processor.gen/sources_1/bd/processor/ip/processor_WR_Controller_0_0/sim/processor_WR_Controller_0_0.v" into library xil_defaultlib
INFO: [VRFC 10-311] analyzing module processor_WR_Controller_0_0
INFO: [VRFC 10-2263] Analyzing Verilog file "C:/Users/HP/Desktop/up/processor/processor.gen/sources_1/bd/processor/ipshared/2a26/sources_1/new/ram.v" into library xil_defaultlib
INFO: [VRFC 10-311] analyzing module RAM_4Kx16
INFO: [VRFC 10-2263] Analyzing Verilog file "C:/Users/HP/Desktop/up/processor/processor.gen/sources_1/bd/processor/ip/processor_RAM_4Kx16_0_0/sim/processor_RAM_4Kx16_0_0.v" into library xil_defaultlib
INFO: [VRFC 10-311] analyzing module processor_RAM_4Kx16_0_0
INFO: [VRFC 10-2263] Analyzing Verilog file "C:/Users/HP/Desktop/up/processor/processor.gen/sources_1/bd/processor/ipshared/ef6c/sources_1/new/outr_controller.v" into library xil_defaultlib
INFO: [VRFC 10-311] analyzing module outr_controller
INFO: [VRFC 10-2263] Analyzing Verilog file "C:/Users/HP/Desktop/up/processor/processor.gen/sources_1/bd/processor/ip/processor_outr_controller_0_0/sim/processor_outr_controller_0_0.v" into library xil_defaultlib
INFO: [VRFC 10-311] analyzing module processor_outr_controller_0_0
INFO: [VRFC 10-2263] Analyzing Verilog file "C:/Users/HP/Desktop/up/processor/processor.gen/sources_1/bd/processor/ip/processor_clk_wiz_0/processor_clk_wiz_0_sim_netlist.v" into library xil_defaultlib
INFO: [VRFC 10-311] analyzing module processor_clk_wiz_0
INFO: [VRFC 10-311] analyzing module processor_clk_wiz_0_clk_wiz
INFO: [VRFC 10-311] analyzing module glbl
INFO: [VRFC 10-2263] Analyzing Verilog file "C:/Users/HP/Desktop/up/processor/processor.gen/sources_1/bd/processor/ipshared/03db/sources_1/new/E_Controller.v" into library xil_defaultlib
INFO: [VRFC 10-311] analyzing module E_controller
INFO: [VRFC 10-2263] Analyzing Verilog file "C:/Users/HP/Desktop/up/processor/processor.gen/sources_1/bd/processor/ip/processor_E_controller_0_0/sim/processor_E_controller_0_0.v" into library xil_defaultlib
INFO: [VRFC 10-311] analyzing module processor_E_controller_0_0
INFO: [VRFC 10-2263] Analyzing Verilog file "C:/Users/HP/Desktop/up/processor/processor.gen/sources_1/bd/processor/sim/processor.v" into library xil_defaultlib
INFO: [VRFC 10-311] analyzing module processor
INFO: [VRFC 10-2263] Analyzing Verilog file "C:/Users/HP/Desktop/up/processor/processor.gen/sources_1/bd/processor/hdl/processor_wrapper.v" into library xil_defaultlib
INFO: [VRFC 10-311] analyzing module processor_wrapper
INFO: [VRFC 10-2263] Analyzing Verilog file "C:/Users/HP/Desktop/up/processor/processor.sim/sim_1/behav/xsim/glbl.v" into library xil_defaultlib
INFO: [VRFC 10-311] analyzing module glbl
WARNING: [VRFC 10-3609] overwriting previous definition of module 'glbl' [C:/Users/HP/Desktop/up/processor/processor.sim/sim_1/behav/xsim/glbl.v:6]
